<?xml version="1.0" encoding="utf-8"?><testsuites name="pytest tests"><testsuite name="pytest" errors="0" failures="0" skipped="0" tests="13" time="12.423" timestamp="2026-03-09T13:13:44.043757+00:00" hostname="agent-env-495c41a5-de0e-4ba0-bbc0-b48ce23bf548"><testcase classname="tests.test_nueco_apis.TestHealth" name="test_health_check" time="0.624" /><testcase classname="tests.test_nueco_apis.TestNotesSeededData" name="test_get_all_notes_returns_3_seeded_notes" time="0.551" /><testcase classname="tests.test_nueco_apis.TestNotesSeededData" name="test_pinned_note_appears_first" time="0.427" /><testcase classname="tests.test_nueco_apis.TestNotesCRUD" name="test_create_note_and_verify_persistence" time="1.192" /><testcase classname="tests.test_nueco_apis.TestNotesCRUD" name="test_update_note_and_verify_changes" time="1.502" /><testcase classname="tests.test_nueco_apis.TestNotesCRUD" name="test_delete_note_and_verify_removal" time="1.152" /><testcase classname="tests.test_nueco_apis.TestNotesFeatures" name="test_toggle_pin_changes_pin_status" time="2.115" /><testcase classname="tests.test_nueco_apis.TestNotesFeatures" name="test_search_notes_by_content" time="1.173" /><testcase classname="tests.test_nueco_apis.TestEventsSeededData" name="test_get_all_events_returns_seeded_events" time="0.400" /><testcase classname="tests.test_nueco_apis.TestEventsCRUD" name="test_create_event_and_verify_persistence" time="1.120" /><testcase classname="tests.test_nueco_apis.TestEventsCRUD" name="test_filter_events_by_month" time="1.205" /><testcase classname="tests.test_nueco_apis.TestCleanup" name="test_cleanup_test_notes" time="0.473" /><testcase classname="tests.test_nueco_apis.TestCleanup" name="test_cleanup_test_events" time="0.427" /></testsuite></testsuites>